  Source.c
C:\Users\siobh\OneDrive\OneDrive - GMIT\2021_2022\Procedural Programming\Exams\Sm2 Exam 2\Exam2\Exam2\Source.c(29,24): warning C4013: 'malloc' undefined; assuming extern returning int
C:\Users\siobh\OneDrive\OneDrive - GMIT\2021_2022\Procedural Programming\Exams\Sm2 Exam 2\Exam2\Exam2\Source.c(78,7): warning C4013: 'exit' undefined; assuming extern returning int
C:\Users\siobh\OneDrive\OneDrive - GMIT\2021_2022\Procedural Programming\Exams\Sm2 Exam 2\Exam2\Exam2\Source.c(61,2): warning C4996: 'scanf': This function or variable may be unsafe. Consider using scanf_s instead. To disable deprecation, use _CRT_SECURE_NO_WARNINGS. See online help for details.
C:\Users\siobh\OneDrive\OneDrive - GMIT\2021_2022\Procedural Programming\Exams\Sm2 Exam 2\Exam2\Exam2\Source.c(101,5): warning C4996: 'scanf': This function or variable may be unsafe. Consider using scanf_s instead. To disable deprecation, use _CRT_SECURE_NO_WARNINGS. See online help for details.
C:\Users\siobh\OneDrive\OneDrive - GMIT\2021_2022\Procedural Programming\Exams\Sm2 Exam 2\Exam2\Exam2\Source.c(107,10): warning C4996: 'stricmp': The POSIX name for this item is deprecated. Instead, use the ISO C and C++ conformant name: _stricmp. See online help for details.
C:\Users\siobh\OneDrive\OneDrive - GMIT\2021_2022\Procedural Programming\Exams\Sm2 Exam 2\Exam2\Exam2\Source.c(133,4): warning C4996: 'scanf': This function or variable may be unsafe. Consider using scanf_s instead. To disable deprecation, use _CRT_SECURE_NO_WARNINGS. See online help for details.
C:\Users\siobh\OneDrive\OneDrive - GMIT\2021_2022\Procedural Programming\Exams\Sm2 Exam 2\Exam2\Exam2\Source.c(137,4): warning C4996: 'scanf': This function or variable may be unsafe. Consider using scanf_s instead. To disable deprecation, use _CRT_SECURE_NO_WARNINGS. See online help for details.
C:\Users\siobh\OneDrive\OneDrive - GMIT\2021_2022\Procedural Programming\Exams\Sm2 Exam 2\Exam2\Exam2\Source.c(141,4): warning C4996: 'scanf': This function or variable may be unsafe. Consider using scanf_s instead. To disable deprecation, use _CRT_SECURE_NO_WARNINGS. See online help for details.
C:\Users\siobh\OneDrive\OneDrive - GMIT\2021_2022\Procedural Programming\Exams\Sm2 Exam 2\Exam2\Exam2\Source.c(145,4): warning C4996: 'scanf': This function or variable may be unsafe. Consider using scanf_s instead. To disable deprecation, use _CRT_SECURE_NO_WARNINGS. See online help for details.
C:\Users\siobh\OneDrive\OneDrive - GMIT\2021_2022\Procedural Programming\Exams\Sm2 Exam 2\Exam2\Exam2\Source.c(149,4): warning C4996: 'scanf': This function or variable may be unsafe. Consider using scanf_s instead. To disable deprecation, use _CRT_SECURE_NO_WARNINGS. See online help for details.
C:\Users\siobh\OneDrive\OneDrive - GMIT\2021_2022\Procedural Programming\Exams\Sm2 Exam 2\Exam2\Exam2\Source.c(164,8): warning C4477: 'scanf' : format string '%d' requires an argument of type 'int *', but variadic argument 1 has type 'int'
C:\Users\siobh\OneDrive\OneDrive - GMIT\2021_2022\Procedural Programming\Exams\Sm2 Exam 2\Exam2\Exam2\Source.c(192,11): warning C4477: 'printf' : format string '%s' requires an argument of type 'char *', but variadic argument 1 has type 'double'
C:\Users\siobh\OneDrive\OneDrive - GMIT\2021_2022\Procedural Programming\Exams\Sm2 Exam 2\Exam2\Exam2\Source.c(193,11): warning C4477: 'printf' : format string '%s' requires an argument of type 'char *', but variadic argument 1 has type 'int'
C:\Users\siobh\OneDrive\OneDrive - GMIT\2021_2022\Procedural Programming\Exams\Sm2 Exam 2\Exam2\Exam2\Source.c(164,2): warning C4996: 'scanf': This function or variable may be unsafe. Consider using scanf_s instead. To disable deprecation, use _CRT_SECURE_NO_WARNINGS. See online help for details.
C:\Users\siobh\OneDrive\OneDrive - GMIT\2021_2022\Procedural Programming\Exams\Sm2 Exam 2\Exam2\Exam2\Source.c(172,4): warning C4996: 'strncpy': This function or variable may be unsafe. Consider using strncpy_s instead. To disable deprecation, use _CRT_SECURE_NO_WARNINGS. See online help for details.
C:\Users\siobh\OneDrive\OneDrive - GMIT\2021_2022\Procedural Programming\Exams\Sm2 Exam 2\Exam2\Exam2\Source.c(175,4): warning C4996: 'strncpy': This function or variable may be unsafe. Consider using strncpy_s instead. To disable deprecation, use _CRT_SECURE_NO_WARNINGS. See online help for details.
C:\Users\siobh\OneDrive\OneDrive - GMIT\2021_2022\Procedural Programming\Exams\Sm2 Exam 2\Exam2\Exam2\Source.c(178,4): warning C4996: 'strncpy': This function or variable may be unsafe. Consider using strncpy_s instead. To disable deprecation, use _CRT_SECURE_NO_WARNINGS. See online help for details.
C:\Users\siobh\OneDrive\OneDrive - GMIT\2021_2022\Procedural Programming\Exams\Sm2 Exam 2\Exam2\Exam2\Source.c(164): warning C4700: uninitialized local variable 'thisFuel' used
  Exam2.vcxproj -> C:\Users\siobh\OneDrive\OneDrive - GMIT\2021_2022\Procedural Programming\Exams\Sm2 Exam 2\Exam2\Debug\Exam2.exe
